<?xml version="1.0" encoding="UTF-8"?>
<testng-results ignored="0" total="1" passed="1" failed="0" skipped="0">
  <reporter-output>
  </reporter-output>
  <suite started-at="2024-08-25T20:49:01 IST" name="Surefire suite" finished-at="2024-08-25T20:49:01 IST" duration-ms="59">
    <groups>
    </groups>
    <test started-at="2024-08-25T20:49:01 IST" name="Surefire test" finished-at="2024-08-25T20:49:01 IST" duration-ms="59">
      <class name="com.jobs.testing.Test1234">
        <test-method signature="verifyTest()[pri:0, instance:com.jobs.testing.Test1234@27ff5d15]" started-at="2024-08-25T20:49:01 IST" name="verifyTest" finished-at="2024-08-25T20:49:01 IST" duration-ms="4" status="PASS">
          <reporter-output>
          </reporter-output>
        </test-method> <!-- verifyTest -->
      </class> <!-- com.jobs.testing.Test1234 -->
    </test> <!-- Surefire test -->
  </suite> <!-- Surefire suite -->
</testng-results>
